<?xml version="1.0" encoding="UTF-8"?>
<testsuite name="org.cloudfoundry.community.servicebroker.brooklyn.service.BrooklynServiceInstanceServiceTest" tests="4" skipped="0" failures="0" errors="0" timestamp="2015-02-18T11:17:56" hostname="Roberts-MacBook-Pro.local" time="0.023">
  <properties/>
  <testcase name="serviceInstanceCreationFailsWithExistingInstance" classname="org.cloudfoundry.community.servicebroker.brooklyn.service.BrooklynServiceInstanceServiceTest" time="0.016"/>
  <testcase name="newServiceInstanceCreatedSuccessfully" classname="org.cloudfoundry.community.servicebroker.brooklyn.service.BrooklynServiceInstanceServiceTest" time="0.002"/>
  <testcase name="serviceInstanceDeletedSuccessfully" classname="org.cloudfoundry.community.servicebroker.brooklyn.service.BrooklynServiceInstanceServiceTest" time="0.002"/>
  <testcase name="serviceInstanceRetrievedSuccessfully" classname="org.cloudfoundry.community.servicebroker.brooklyn.service.BrooklynServiceInstanceServiceTest" time="0.002"/>
  <system-out><![CDATA[11:17:56.679 [Test worker] DEBUG o.s.t.c.j.SpringJUnit4ClassRunner - SpringJUnit4ClassRunner constructor called with [class org.cloudfoundry.community.servicebroker.brooklyn.service.BrooklynServiceInstanceServiceTest].
11:17:56.679 [Test worker] DEBUG o.s.t.c.s.AbstractDelegatingSmartContextLoader - Delegating to AnnotationConfigContextLoader to process context configuration [ContextConfigurationAttributes@4b95b6b5 declaringClass = 'org.cloudfoundry.community.servicebroker.brooklyn.service.BrooklynServiceInstanceServiceTest', locations = '{}', classes = '{class org.cloudfoundry.community.servicebroker.brooklyn.BrooklynConfiguration}', inheritLocations = true, initializers = '{}', inheritInitializers = true, name = [null], contextLoaderClass = 'org.springframework.test.context.ContextLoader'].
11:17:56.679 [Test worker] DEBUG o.s.test.context.ContextLoaderUtils - Could not find an 'annotation declaring class' for annotation type [org.springframework.test.context.ActiveProfiles] and class [org.cloudfoundry.community.servicebroker.brooklyn.service.BrooklynServiceInstanceServiceTest]
11:17:56.679 [Test worker] DEBUG o.s.test.context.TestContextManager - @TestExecutionListeners is not present for class [class org.cloudfoundry.community.servicebroker.brooklyn.service.BrooklynServiceInstanceServiceTest]: using defaults.
11:17:56.680 [Test worker] DEBUG o.s.t.annotation.ProfileValueUtils - Retrieved @ProfileValueSourceConfiguration [null] for test class [org.cloudfoundry.community.servicebroker.brooklyn.service.BrooklynServiceInstanceServiceTest]
11:17:56.680 [Test worker] DEBUG o.s.t.annotation.ProfileValueUtils - Retrieved ProfileValueSource type [class org.springframework.test.annotation.SystemProfileValueSource] for class [org.cloudfoundry.community.servicebroker.brooklyn.service.BrooklynServiceInstanceServiceTest]
11:17:56.680 [Test worker] DEBUG o.s.t.annotation.ProfileValueUtils - Retrieved @ProfileValueSourceConfiguration [null] for test class [org.cloudfoundry.community.servicebroker.brooklyn.service.BrooklynServiceInstanceServiceTest]
11:17:56.680 [Test worker] DEBUG o.s.t.annotation.ProfileValueUtils - Retrieved ProfileValueSource type [class org.springframework.test.annotation.SystemProfileValueSource] for class [org.cloudfoundry.community.servicebroker.brooklyn.service.BrooklynServiceInstanceServiceTest]
11:17:56.680 [Test worker] DEBUG o.s.t.annotation.ProfileValueUtils - Retrieved @ProfileValueSourceConfiguration [null] for test class [org.cloudfoundry.community.servicebroker.brooklyn.service.BrooklynServiceInstanceServiceTest]
11:17:56.680 [Test worker] DEBUG o.s.t.annotation.ProfileValueUtils - Retrieved ProfileValueSource type [class org.springframework.test.annotation.SystemProfileValueSource] for class [org.cloudfoundry.community.servicebroker.brooklyn.service.BrooklynServiceInstanceServiceTest]
11:17:56.680 [Test worker] DEBUG o.s.t.annotation.ProfileValueUtils - Retrieved @ProfileValueSourceConfiguration [null] for test class [org.cloudfoundry.community.servicebroker.brooklyn.service.BrooklynServiceInstanceServiceTest]
11:17:56.680 [Test worker] DEBUG o.s.t.annotation.ProfileValueUtils - Retrieved ProfileValueSource type [class org.springframework.test.annotation.SystemProfileValueSource] for class [org.cloudfoundry.community.servicebroker.brooklyn.service.BrooklynServiceInstanceServiceTest]
11:17:56.681 [Test worker] DEBUG o.s.t.c.s.DependencyInjectionTestExecutionListener - Performing dependency injection for test context [[DefaultTestContext@8fb5e28 testClass = BrooklynServiceInstanceServiceTest, testInstance = org.cloudfoundry.community.servicebroker.brooklyn.service.BrooklynServiceInstanceServiceTest@6ab51601, testMethod = [null], testException = [null], mergedContextConfiguration = [MergedContextConfiguration@2708ec42 testClass = BrooklynServiceInstanceServiceTest, locations = '{}', classes = '{class org.cloudfoundry.community.servicebroker.brooklyn.BrooklynConfiguration}', contextInitializerClasses = '[]', activeProfiles = '{}', contextLoader = 'org.springframework.test.context.support.DelegatingSmartContextLoader', parent = [null]]]].
11:17:56.681 [Test worker] DEBUG o.s.t.c.CacheAwareContextLoaderDelegate - Retrieved ApplicationContext from cache with key [[MergedContextConfiguration@2708ec42 testClass = BrooklynServiceInstanceServiceTest, locations = '{}', classes = '{class org.cloudfoundry.community.servicebroker.brooklyn.BrooklynConfiguration}', contextInitializerClasses = '[]', activeProfiles = '{}', contextLoader = 'org.springframework.test.context.support.DelegatingSmartContextLoader', parent = [null]]].
11:17:56.697 [Test worker] DEBUG o.s.t.c.s.DirtiesContextTestExecutionListener - After test method: context [DefaultTestContext@8fb5e28 testClass = BrooklynServiceInstanceServiceTest, testInstance = org.cloudfoundry.community.servicebroker.brooklyn.service.BrooklynServiceInstanceServiceTest@6ab51601, testMethod = serviceInstanceCreationFailsWithExistingInstance@BrooklynServiceInstanceServiceTest, testException = [null], mergedContextConfiguration = [MergedContextConfiguration@2708ec42 testClass = BrooklynServiceInstanceServiceTest, locations = '{}', classes = '{class org.cloudfoundry.community.servicebroker.brooklyn.BrooklynConfiguration}', contextInitializerClasses = '[]', activeProfiles = '{}', contextLoader = 'org.springframework.test.context.support.DelegatingSmartContextLoader', parent = [null]]], class dirties context [false], class mode [null], method dirties context [false].
11:17:56.697 [Test worker] DEBUG o.s.t.annotation.ProfileValueUtils - Retrieved @ProfileValueSourceConfiguration [null] for test class [org.cloudfoundry.community.servicebroker.brooklyn.service.BrooklynServiceInstanceServiceTest]
11:17:56.697 [Test worker] DEBUG o.s.t.annotation.ProfileValueUtils - Retrieved ProfileValueSource type [class org.springframework.test.annotation.SystemProfileValueSource] for class [org.cloudfoundry.community.servicebroker.brooklyn.service.BrooklynServiceInstanceServiceTest]
11:17:56.698 [Test worker] DEBUG o.s.t.c.s.DependencyInjectionTestExecutionListener - Performing dependency injection for test context [[DefaultTestContext@8fb5e28 testClass = BrooklynServiceInstanceServiceTest, testInstance = org.cloudfoundry.community.servicebroker.brooklyn.service.BrooklynServiceInstanceServiceTest@6567ad13, testMethod = [null], testException = [null], mergedContextConfiguration = [MergedContextConfiguration@2708ec42 testClass = BrooklynServiceInstanceServiceTest, locations = '{}', classes = '{class org.cloudfoundry.community.servicebroker.brooklyn.BrooklynConfiguration}', contextInitializerClasses = '[]', activeProfiles = '{}', contextLoader = 'org.springframework.test.context.support.DelegatingSmartContextLoader', parent = [null]]]].
11:17:56.698 [Test worker] DEBUG o.s.t.c.CacheAwareContextLoaderDelegate - Retrieved ApplicationContext from cache with key [[MergedContextConfiguration@2708ec42 testClass = BrooklynServiceInstanceServiceTest, locations = '{}', classes = '{class org.cloudfoundry.community.servicebroker.brooklyn.BrooklynConfiguration}', contextInitializerClasses = '[]', activeProfiles = '{}', contextLoader = 'org.springframework.test.context.support.DelegatingSmartContextLoader', parent = [null]]].
-- creating service --
serviceInstanceId
planId
organizationGuid
spaceGuid
----------------------
11:17:56.700 [Test worker] DEBUG o.s.t.c.s.DirtiesContextTestExecutionListener - After test method: context [DefaultTestContext@8fb5e28 testClass = BrooklynServiceInstanceServiceTest, testInstance = org.cloudfoundry.community.servicebroker.brooklyn.service.BrooklynServiceInstanceServiceTest@6567ad13, testMethod = newServiceInstanceCreatedSuccessfully@BrooklynServiceInstanceServiceTest, testException = [null], mergedContextConfiguration = [MergedContextConfiguration@2708ec42 testClass = BrooklynServiceInstanceServiceTest, locations = '{}', classes = '{class org.cloudfoundry.community.servicebroker.brooklyn.BrooklynConfiguration}', contextInitializerClasses = '[]', activeProfiles = '{}', contextLoader = 'org.springframework.test.context.support.DelegatingSmartContextLoader', parent = [null]]], class dirties context [false], class mode [null], method dirties context [false].
11:17:56.700 [Test worker] DEBUG o.s.t.annotation.ProfileValueUtils - Retrieved @ProfileValueSourceConfiguration [null] for test class [org.cloudfoundry.community.servicebroker.brooklyn.service.BrooklynServiceInstanceServiceTest]
11:17:56.700 [Test worker] DEBUG o.s.t.annotation.ProfileValueUtils - Retrieved ProfileValueSource type [class org.springframework.test.annotation.SystemProfileValueSource] for class [org.cloudfoundry.community.servicebroker.brooklyn.service.BrooklynServiceInstanceServiceTest]
11:17:56.701 [Test worker] DEBUG o.s.t.c.s.DependencyInjectionTestExecutionListener - Performing dependency injection for test context [[DefaultTestContext@8fb5e28 testClass = BrooklynServiceInstanceServiceTest, testInstance = org.cloudfoundry.community.servicebroker.brooklyn.service.BrooklynServiceInstanceServiceTest@29374663, testMethod = [null], testException = [null], mergedContextConfiguration = [MergedContextConfiguration@2708ec42 testClass = BrooklynServiceInstanceServiceTest, locations = '{}', classes = '{class org.cloudfoundry.community.servicebroker.brooklyn.BrooklynConfiguration}', contextInitializerClasses = '[]', activeProfiles = '{}', contextLoader = 'org.springframework.test.context.support.DelegatingSmartContextLoader', parent = [null]]]].
11:17:56.701 [Test worker] DEBUG o.s.t.c.CacheAwareContextLoaderDelegate - Retrieved ApplicationContext from cache with key [[MergedContextConfiguration@2708ec42 testClass = BrooklynServiceInstanceServiceTest, locations = '{}', classes = '{class org.cloudfoundry.community.servicebroker.brooklyn.BrooklynConfiguration}', contextInitializerClasses = '[]', activeProfiles = '{}', contextLoader = 'org.springframework.test.context.support.DelegatingSmartContextLoader', parent = [null]]].
11:17:56.702 [Test worker] DEBUG o.s.t.c.s.DirtiesContextTestExecutionListener - After test method: context [DefaultTestContext@8fb5e28 testClass = BrooklynServiceInstanceServiceTest, testInstance = org.cloudfoundry.community.servicebroker.brooklyn.service.BrooklynServiceInstanceServiceTest@29374663, testMethod = serviceInstanceDeletedSuccessfully@BrooklynServiceInstanceServiceTest, testException = [null], mergedContextConfiguration = [MergedContextConfiguration@2708ec42 testClass = BrooklynServiceInstanceServiceTest, locations = '{}', classes = '{class org.cloudfoundry.community.servicebroker.brooklyn.BrooklynConfiguration}', contextInitializerClasses = '[]', activeProfiles = '{}', contextLoader = 'org.springframework.test.context.support.DelegatingSmartContextLoader', parent = [null]]], class dirties context [false], class mode [null], method dirties context [false].
11:17:56.702 [Test worker] DEBUG o.s.t.annotation.ProfileValueUtils - Retrieved @ProfileValueSourceConfiguration [null] for test class [org.cloudfoundry.community.servicebroker.brooklyn.service.BrooklynServiceInstanceServiceTest]
11:17:56.702 [Test worker] DEBUG o.s.t.annotation.ProfileValueUtils - Retrieved ProfileValueSource type [class org.springframework.test.annotation.SystemProfileValueSource] for class [org.cloudfoundry.community.servicebroker.brooklyn.service.BrooklynServiceInstanceServiceTest]
11:17:56.703 [Test worker] DEBUG o.s.t.c.s.DependencyInjectionTestExecutionListener - Performing dependency injection for test context [[DefaultTestContext@8fb5e28 testClass = BrooklynServiceInstanceServiceTest, testInstance = org.cloudfoundry.community.servicebroker.brooklyn.service.BrooklynServiceInstanceServiceTest@2d343a2b, testMethod = [null], testException = [null], mergedContextConfiguration = [MergedContextConfiguration@2708ec42 testClass = BrooklynServiceInstanceServiceTest, locations = '{}', classes = '{class org.cloudfoundry.community.servicebroker.brooklyn.BrooklynConfiguration}', contextInitializerClasses = '[]', activeProfiles = '{}', contextLoader = 'org.springframework.test.context.support.DelegatingSmartContextLoader', parent = [null]]]].
11:17:56.703 [Test worker] DEBUG o.s.t.c.CacheAwareContextLoaderDelegate - Retrieved ApplicationContext from cache with key [[MergedContextConfiguration@2708ec42 testClass = BrooklynServiceInstanceServiceTest, locations = '{}', classes = '{class org.cloudfoundry.community.servicebroker.brooklyn.BrooklynConfiguration}', contextInitializerClasses = '[]', activeProfiles = '{}', contextLoader = 'org.springframework.test.context.support.DelegatingSmartContextLoader', parent = [null]]].
11:17:56.704 [Test worker] DEBUG o.s.t.c.s.DirtiesContextTestExecutionListener - After test method: context [DefaultTestContext@8fb5e28 testClass = BrooklynServiceInstanceServiceTest, testInstance = org.cloudfoundry.community.servicebroker.brooklyn.service.BrooklynServiceInstanceServiceTest@2d343a2b, testMethod = serviceInstanceRetrievedSuccessfully@BrooklynServiceInstanceServiceTest, testException = [null], mergedContextConfiguration = [MergedContextConfiguration@2708ec42 testClass = BrooklynServiceInstanceServiceTest, locations = '{}', classes = '{class org.cloudfoundry.community.servicebroker.brooklyn.BrooklynConfiguration}', contextInitializerClasses = '[]', activeProfiles = '{}', contextLoader = 'org.springframework.test.context.support.DelegatingSmartContextLoader', parent = [null]]], class dirties context [false], class mode [null], method dirties context [false].
11:17:56.704 [Test worker] DEBUG o.s.t.c.s.DirtiesContextTestExecutionListener - After test class: context [DefaultTestContext@8fb5e28 testClass = BrooklynServiceInstanceServiceTest, testInstance = [null], testMethod = [null], testException = [null], mergedContextConfiguration = [MergedContextConfiguration@2708ec42 testClass = BrooklynServiceInstanceServiceTest, locations = '{}', classes = '{class org.cloudfoundry.community.servicebroker.brooklyn.BrooklynConfiguration}', contextInitializerClasses = '[]', activeProfiles = '{}', contextLoader = 'org.springframework.test.context.support.DelegatingSmartContextLoader', parent = [null]]], dirtiesContext [false].
]]></system-out>
  <system-err><![CDATA[]]></system-err>
</testsuite>
